<?xml version="1.0" encoding="UTF-8"?>
<testsuite name="songpa.demo.GatherPageApplicationTests" tests="1" skipped="0" failures="0" errors="0" timestamp="2025-05-27T07:49:26.878Z" hostname="eom-ingug-ui-MacBookPro.local" time="0.279">
  <properties/>
  <testcase name="contextLoads()" classname="songpa.demo.GatherPageApplicationTests" time="0.279"/>
  <system-out><![CDATA[16:49:25.106 [Test worker] INFO org.springframework.test.context.support.AnnotationConfigContextLoaderUtils -- Could not detect default configuration classes for test class [songpa.demo.GatherPageApplicationTests]: GatherPageApplicationTests does not declare any static, non-private, non-final, nested classes annotated with @Configuration.
16:49:25.154 [Test worker] INFO org.springframework.boot.test.context.SpringBootTestContextBootstrapper -- Found @SpringBootConfiguration songpa.demo.GatherPageApplication for test class songpa.demo.GatherPageApplicationTests

  .   ____          _            __ _ _
 /\\ / ___'_ __ _ _(_)_ __  __ _ \ \ \ \
( ( )\___ | '_ | '_| | '_ \/ _` | \ \ \ \
 \\/  ___)| |_)| | | | | || (_| |  ) ) ) )
  '  |____| .__|_| |_|_| |_\__, | / / / /
 =========|_|==============|___/=/_/_/_/

 :: Spring Boot ::                (v3.5.0)

2025-05-27T16:49:25.341+09:00  INFO 64873 --- [gatherPage] [    Test worker] songpa.demo.GatherPageApplicationTests   : Starting GatherPageApplicationTests using Java 21.0.6 with PID 64873 (started by eom-inguk in /Users/eom-inguk/Downloads/demo 2)
2025-05-27T16:49:25.341+09:00  INFO 64873 --- [gatherPage] [    Test worker] songpa.demo.GatherPageApplicationTests   : No active profile set, falling back to 1 default profile: "default"
2025-05-27T16:49:25.627+09:00  INFO 64873 --- [gatherPage] [    Test worker] .s.d.r.c.RepositoryConfigurationDelegate : Bootstrapping Spring Data JPA repositories in DEFAULT mode.
2025-05-27T16:49:25.637+09:00  INFO 64873 --- [gatherPage] [    Test worker] .s.d.r.c.RepositoryConfigurationDelegate : Finished Spring Data repository scanning in 6 ms. Found 0 JPA repository interfaces.
2025-05-27T16:49:25.809+09:00  INFO 64873 --- [gatherPage] [    Test worker] com.zaxxer.hikari.HikariDataSource       : HikariPool-1 - Starting...
2025-05-27T16:49:25.903+09:00  INFO 64873 --- [gatherPage] [    Test worker] com.zaxxer.hikari.pool.HikariPool        : HikariPool-1 - Added connection conn0: url=jdbc:h2:mem:1818530e-28da-411b-a621-fba6f88ad488 user=SA
2025-05-27T16:49:25.904+09:00  INFO 64873 --- [gatherPage] [    Test worker] com.zaxxer.hikari.HikariDataSource       : HikariPool-1 - Start completed.
2025-05-27T16:49:25.925+09:00  INFO 64873 --- [gatherPage] [    Test worker] o.hibernate.jpa.internal.util.LogHelper  : HHH000204: Processing PersistenceUnitInfo [name: default]
2025-05-27T16:49:25.945+09:00  INFO 64873 --- [gatherPage] [    Test worker] org.hibernate.Version                    : HHH000412: Hibernate ORM core version 6.6.15.Final
2025-05-27T16:49:25.960+09:00  INFO 64873 --- [gatherPage] [    Test worker] o.h.c.internal.RegionFactoryInitiator    : HHH000026: Second-level cache disabled
2025-05-27T16:49:26.080+09:00  INFO 64873 --- [gatherPage] [    Test worker] o.s.o.j.p.SpringPersistenceUnitInfo      : No LoadTimeWeaver setup: ignoring JPA class transformer
2025-05-27T16:49:26.115+09:00  INFO 64873 --- [gatherPage] [    Test worker] org.hibernate.orm.connections.pooling    : HHH10001005: Database info:
	Database JDBC URL [Connecting through datasource 'HikariDataSource (HikariPool-1)']
	Database driver: undefined/unknown
	Database version: 2.3.232
	Autocommit mode: undefined/unknown
	Isolation level: undefined/unknown
	Minimum pool size: undefined/unknown
	Maximum pool size: undefined/unknown
2025-05-27T16:49:26.511+09:00  INFO 64873 --- [gatherPage] [    Test worker] o.h.e.t.j.p.i.JtaPlatformInitiator       : HHH000489: No JTA platform available (set 'hibernate.transaction.jta.platform' to enable JTA platform integration)
2025-05-27T16:49:26.527+09:00  INFO 64873 --- [gatherPage] [    Test worker] j.LocalContainerEntityManagerFactoryBean : Initialized JPA EntityManagerFactory for persistence unit 'default'
2025-05-27T16:49:26.600+09:00  WARN 64873 --- [gatherPage] [    Test worker] JpaBaseConfiguration$JpaWebConfiguration : spring.jpa.open-in-view is enabled by default. Therefore, database queries may be performed during view rendering. Explicitly configure spring.jpa.open-in-view to disable this warning
2025-05-27T16:49:26.795+09:00  WARN 64873 --- [gatherPage] [    Test worker] .s.s.UserDetailsServiceAutoConfiguration : 

Using generated security password: ee2b6f01-9d2b-4bcb-a973-ca6cc8a12ed8

This generated password is for development use only. Your security configuration must be updated before running your application in production.

2025-05-27T16:49:26.798+09:00  INFO 64873 --- [gatherPage] [    Test worker] r$InitializeUserDetailsManagerConfigurer : Global AuthenticationManager configured with UserDetailsService bean with name inMemoryUserDetailsManager
2025-05-27T16:49:26.871+09:00  INFO 64873 --- [gatherPage] [    Test worker] songpa.demo.GatherPageApplicationTests   : Started GatherPageApplicationTests in 1.653 seconds (process running for 2.155)
]]></system-out>
  <system-err><![CDATA[Mockito is currently self-attaching to enable the inline-mock-maker. This will no longer work in future releases of the JDK. Please add Mockito as an agent to your build as described in Mockito's documentation: https://javadoc.io/doc/org.mockito/mockito-core/latest/org.mockito/org/mockito/Mockito.html#0.3
WARNING: A Java agent has been loaded dynamically (/Users/eom-inguk/.gradle/caches/modules-2/files-2.1/net.bytebuddy/byte-buddy-agent/1.17.5/58f9507f5f28d1d3e7adfb4ec2fe37c29d332c9b/byte-buddy-agent-1.17.5.jar)
WARNING: If a serviceability tool is in use, please run with -XX:+EnableDynamicAgentLoading to hide this warning
WARNING: If a serviceability tool is not in use, please run with -Djdk.instrument.traceUsage for more information
WARNING: Dynamic loading of agents will be disallowed by default in a future release
]]></system-err>
</testsuite>
